фывпыфпывфв
фывпыфпывфв
<QueryDict: {'location': ['2']}>
<QueryDict: {'location': ['2']}>
<QueryDict: {}>
<QueryDict: {}>
<QueryDict: {'page': ['2']}>
<QueryDict: {}>
<QueryDict: {'page': ['2']}>
<QueryDict: {}>
<QueryDict: {}>
<QueryDict: {'location': ['5']}>
<QueryDict: {'location': ['5']}>
<QueryDict: {'location': ['5']}>
<QueryDict: {'location': ['5']}>
<QueryDict: {}>
<QueryDict: {'location': ['5']}>
<QueryDict: {'location': ['5']}>
<QueryDict: {}>
<QueryDict: {}>
<QueryDict: {}>
<QueryDict: {'location': ['5']}>
<QueryDict: {'location': ['5']}>
<QueryDict: {'location': ['5']}>
<QueryDict: {'location': ['5']}>
<QueryDict: {}>
<QueryDict: {}>
<QueryDict: {}>
<QueryDict: {}>
<QueryDict: {'location': ['5']}>
<QueryDict: {'location': ['5']}>
<QueryDict: {'location': ['5']}>
<QueryDict: {'location': ['5']}>
<QueryDict: {}>
<QueryDict: {'location': ['2']}>
<QueryDict: {'location': ['2']}>
<QueryDict: {'location': ['5']}>
<QueryDict: {'location': ['5']}>
<QueryDict: {'location': ['5']}>
<QueryDict: {'location': ['5']}>
<QueryDict: {'location': ['5']}>
<QueryDict: {'location': ['5']}>
<QueryDict: {'location': ['2']}>
<QueryDict: {'location': ['2']}>
<QueryDict: {}>
<QueryDict: {}>
<QueryDict: {}>
<QueryDict: {}>
<QueryDict: {'location': ['5']}>
<QueryDict: {'location': ['5']}>
<QueryDict: {'location': ['5']}>
<QueryDict: {'location': ['5']}>
<QueryDict: {}>
<QueryDict: {'location': ['2']}>
<QueryDict: {'location': ['2']}>
<QueryDict: {}>
<QueryDict: {}>
<QueryDict: {}>
<QueryDict: {}>
<QueryDict: {'location': ['5']}>
<QueryDict: {'location': ['5']}>
<QueryDict: {'location': ['2']}>
<QueryDict: {'location': ['2']}>
<QueryDict: {}>
<QueryDict: {}>
<QueryDict: {}>
<QueryDict: {}>
<QueryDict: {}>
<QueryDict: {}>
<QueryDict: {'location': ['2']}>
<QueryDict: {'location': ['2']}>
<QueryDict: {'location': ['5']}>
<QueryDict: {'location': ['5']}>
<QueryDict: {}>
<QueryDict: {}>
<QueryDict: {}>
<QueryDict: {'location': ['2']}>
<QueryDict: {'location': ['2']}>
<QueryDict: {'location': ['5']}>
<QueryDict: {'location': ['5']}>
<QueryDict: {}>
<QueryDict: {}>
<QueryDict: {'location': ['2']}>
<QueryDict: {'location': ['2']}>
<QueryDict: {'location': ['5']}>
<QueryDict: {'location': ['5']}>
<QueryDict: {}>
<QueryDict: {}>
<QueryDict: {}>
<QueryDict: {'location': ['5']}>
<QueryDict: {'location': ['5']}>
<QueryDict: {}>
<QueryDict: {}>
<QueryDict: {}>
<QueryDict: {}>
<QueryDict: {}>
<QueryDict: {'location': ['5']}>
<QueryDict: {'location': ['5']}>
<QueryDict: {'location': ['5']}>
<QueryDict: {'location': ['5']}>
<QueryDict: {}>
<QueryDict: {}>
<QueryDict: {}>
<QueryDict: {}>
<QueryDict: {}>
<QueryDict: {}>
<QueryDict: {}>
<QueryDict: {}>
<QueryDict: {}>
<QueryDict: {}>
<QueryDict: {}>
<QueryDict: {}>
<QueryDict: {}>
<QueryDict: {}>
<QueryDict: {}>
<QueryDict: {'location': ['2']}><QueryDict: {'location': ['2']}>

<QueryDict: {}>
<QueryDict: {}>
<QueryDict: {}>
<QueryDict: {}>
<QueryDict: {}><QueryDict: {}>

<QueryDict: {}>
<QueryDict: {'location': ['4']}>
<QueryDict: {'location': ['4']}>
<QueryDict: {}>
<QueryDict: {}>
<QueryDict: {}>
<QueryDict: {}>
<QueryDict: {}>
<QueryDict: {}>
<QueryDict: {}>
<QueryDict: {}>
<QueryDict: {}>
<QueryDict: {}>
<QueryDict: {}>
<QueryDict: {}>
<QueryDict: {}>
<QueryDict: {}>
<QueryDict: {}>
<QueryDict: {}>
<QueryDict: {}>
<QueryDict: {}>
<QueryDict: {}>
<QueryDict: {}>
<QueryDict: {}>
<QueryDict: {}>
<QueryDict: {}>
<QueryDict: {}>
<QueryDict: {}>
<QueryDict: {}>
<QueryDict: {}>
<QueryDict: {}>
<QueryDict: {}>
<QueryDict: {}>
<QueryDict: {}>
<QueryDict: {}>
<QueryDict: {}>
<QueryDict: {}>
<QueryDict: {}>
<QueryDict: {}>
<QueryDict: {}>
<QueryDict: {}>
<QueryDict: {}>
<QueryDict: {}>
<QueryDict: {}>
<QueryDict: {}>
<QueryDict: {}>
<QueryDict: {}>
<QueryDict: {}>
<QueryDict: {}>
<QueryDict: {}>
<QueryDict: {}>
<QueryDict: {}>
<QueryDict: {}>
<QueryDict: {}>
<QueryDict: {}>
<QueryDict: {}>
<QueryDict: {}>
<QueryDict: {}>
<QueryDict: {}>
<QueryDict: {'location': ['4']}>
<QueryDict: {'location': ['4']}>
<QueryDict: {'location': ['4']}>
<QueryDict: {'location': ['4']}>
<QueryDict: {'location': ['2']}>
<QueryDict: {'location': ['2']}>
<QueryDict: {}>
<QueryDict: {}>
<QueryDict: {}>
<QueryDict: {}>
<QueryDict: {}>
<QueryDict: {}>
<QueryDict: {}>
<QueryDict: {}>
<QueryDict: {}>
<QueryDict: {}>
<QueryDict: {}>
<QueryDict: {}>
<QueryDict: {}>
<QueryDict: {}>
<QueryDict: {}>
<QueryDict: {}>
<QueryDict: {}>
<QueryDict: {}>
<QueryDict: {}>
<QueryDict: {}>
<QueryDict: {}>
<QueryDict: {}>
<QueryDict: {'location': ['1']}>
<QueryDict: {'location': ['1']}>
<QueryDict: {'location': ['5']}>
<QueryDict: {'location': ['5']}>
<QueryDict: {}>
<QueryDict: {}>
<QueryDict: {}>
<QueryDict: {}>
<QueryDict: {'location': ['2']}><QueryDict: {'location': ['2']}>

{'result': {'msg_id': '13hhjmtfknm9jcn4', 'status': {'code': 1288, 'description': 'Отправка в данный регион недоступна для данной компании'}}}
{'result': {'msg_id': '1l60bdl5ev6ub2op', 'status': {'code': 1288, 'description': 'Отправка в данный регион недоступна для данной компании'}}}
{'result': {'msg_id': 'dmbcgbg6tbhr0ili', 'status': {'code': 1288, 'description': 'Отправка в данный регион недоступна для данной компании'}}}
{'result': {'msg_id': 'a4p4kj9q06kbdunf', 'status': {'code': 1288, 'description': 'Отправка в данный регион недоступна для данной компании'}}}
{'result': {'msg_id': 'qkdd3tjgui5vbo2m', 'status': {'code': 0, 'description': 'ok'}}}
{'result': {'msg_id': 'bs2lgl1dtgp9s6hs', 'status': {'code': 0, 'description': 'ok'}}}
{'result': {'msg_id': 'imcv433t1fj36etf', 'status': {'code': 0, 'description': 'ok'}}}
{'result': {'msg_id': '5ej625apcgmnpfpr', 'status': {'code': 0, 'description': 'ok'}}}
{'result': {'msg_id': 'lmuajpm6d9rgp52q', 'status': {'code': 0, 'description': 'ok'}}}
{'result': {'msg_id': '2ba6tc7429u1gpgn', 'status': {'code': 0, 'description': 'ok'}}}
{'result': {'msg_id': 'j5k471c233vnvngi', 'status': {'code': 0, 'description': 'ok'}}}
<QueryDict: {'location': ['5']}>
<QueryDict: {'location': ['5']}>
<QueryDict: {}>
<QueryDict: {}>
<QueryDict: {}>
b'{"result":{"msg_id":"s1ujlasp48hcimmj","status":{"code":1288,"description":"\xd0\x9e\xd1\x82\xd0\xbf\xd1\x80\xd0\xb0\xd0\xb2\xd0\xba\xd0\xb0 \xd0\xb2 \xd0\xb4\xd0\xb0\xd0\xbd\xd0\xbd\xd1\x8b\xd0\xb9 \xd1\x80\xd0\xb5\xd0\xb3\xd0\xb8\xd0\xbe\xd0\xbd \xd0\xbd\xd0\xb5\xd0\xb4\xd0\xbe\xd1\x81\xd1\x82\xd1\x83\xd0\xbf\xd0\xbd\xd0\xb0 \xd0\xb4\xd0\xbb\xd1\x8f \xd0\xb4\xd0\xb0\xd0\xbd\xd0\xbd\xd0\xbe\xd0\xb9 \xd0\xba\xd0\xbe\xd0\xbc\xd0\xbf\xd0\xb0\xd0\xbd\xd0\xb8\xd0\xb8"}}}'
b'{"result":{"msg_id":"9u2lnef4vtkpsdlv","status":{"code":1288,"description":"\xd0\x9e\xd1\x82\xd0\xbf\xd1\x80\xd0\xb0\xd0\xb2\xd0\xba\xd0\xb0 \xd0\xb2 \xd0\xb4\xd0\xb0\xd0\xbd\xd0\xbd\xd1\x8b\xd0\xb9 \xd1\x80\xd0\xb5\xd0\xb3\xd0\xb8\xd0\xbe\xd0\xbd \xd0\xbd\xd0\xb5\xd0\xb4\xd0\xbe\xd1\x81\xd1\x82\xd1\x83\xd0\xbf\xd0\xbd\xd0\xb0 \xd0\xb4\xd0\xbb\xd1\x8f \xd0\xb4\xd0\xb0\xd0\xbd\xd0\xbd\xd0\xbe\xd0\xb9 \xd0\xba\xd0\xbe\xd0\xbc\xd0\xbf\xd0\xb0\xd0\xbd\xd0\xb8\xd0\xb8"}}}'
b'{"result":{"msg_id":"6gh2emn03apb1cge","status":{"code":1288,"description":"\xd0\x9e\xd1\x82\xd0\xbf\xd1\x80\xd0\xb0\xd0\xb2\xd0\xba\xd0\xb0 \xd0\xb2 \xd0\xb4\xd0\xb0\xd0\xbd\xd0\xbd\xd1\x8b\xd0\xb9 \xd1\x80\xd0\xb5\xd0\xb3\xd0\xb8\xd0\xbe\xd0\xbd \xd0\xbd\xd0\xb5\xd0\xb4\xd0\xbe\xd1\x81\xd1\x82\xd1\x83\xd0\xbf\xd0\xbd\xd0\xb0 \xd0\xb4\xd0\xbb\xd1\x8f \xd0\xb4\xd0\xb0\xd0\xbd\xd0\xbd\xd0\xbe\xd0\xb9 \xd0\xba\xd0\xbe\xd0\xbc\xd0\xbf\xd0\xb0\xd0\xbd\xd0\xb8\xd0\xb8"}}}'
b'{"result":{"msg_id":"f11q1fp2hfb7uvs1","status":{"code":1288,"description":"\xd0\x9e\xd1\x82\xd0\xbf\xd1\x80\xd0\xb0\xd0\xb2\xd0\xba\xd0\xb0 \xd0\xb2 \xd0\xb4\xd0\xb0\xd0\xbd\xd0\xbd\xd1\x8b\xd0\xb9 \xd1\x80\xd0\xb5\xd0\xb3\xd0\xb8\xd0\xbe\xd0\xbd \xd0\xbd\xd0\xb5\xd0\xb4\xd0\xbe\xd1\x81\xd1\x82\xd1\x83\xd0\xbf\xd0\xbd\xd0\xb0 \xd0\xb4\xd0\xbb\xd1\x8f \xd0\xb4\xd0\xb0\xd0\xbd\xd0\xbd\xd0\xbe\xd0\xb9 \xd0\xba\xd0\xbe\xd0\xbc\xd0\xbf\xd0\xb0\xd0\xbd\xd0\xb8\xd0\xb8"}}}'
b'{"result":{"msg_id":"23t5ipfif6viu7j1","status":{"code":1288,"description":"\xd0\x9e\xd1\x82\xd0\xbf\xd1\x80\xd0\xb0\xd0\xb2\xd0\xba\xd0\xb0 \xd0\xb2 \xd0\xb4\xd0\xb0\xd0\xbd\xd0\xbd\xd1\x8b\xd0\xb9 \xd1\x80\xd0\xb5\xd0\xb3\xd0\xb8\xd0\xbe\xd0\xbd \xd0\xbd\xd0\xb5\xd0\xb4\xd0\xbe\xd1\x81\xd1\x82\xd1\x83\xd0\xbf\xd0\xbd\xd0\xb0 \xd0\xb4\xd0\xbb\xd1\x8f \xd0\xb4\xd0\xb0\xd0\xbd\xd0\xbd\xd0\xbe\xd0\xb9 \xd0\xba\xd0\xbe\xd0\xbc\xd0\xbf\xd0\xb0\xd0\xbd\xd0\xb8\xd0\xb8"}}}'
b'{"result":{"msg_id":"qncbji75ltjt2m8h","status":{"code":1288,"description":"\xd0\x9e\xd1\x82\xd0\xbf\xd1\x80\xd0\xb0\xd0\xb2\xd0\xba\xd0\xb0 \xd0\xb2 \xd0\xb4\xd0\xb0\xd0\xbd\xd0\xbd\xd1\x8b\xd0\xb9 \xd1\x80\xd0\xb5\xd0\xb3\xd0\xb8\xd0\xbe\xd0\xbd \xd0\xbd\xd0\xb5\xd0\xb4\xd0\xbe\xd1\x81\xd1\x82\xd1\x83\xd0\xbf\xd0\xbd\xd0\xb0 \xd0\xb4\xd0\xbb\xd1\x8f \xd0\xb4\xd0\xb0\xd0\xbd\xd0\xbd\xd0\xbe\xd0\xb9 \xd0\xba\xd0\xbe\xd0\xbc\xd0\xbf\xd0\xb0\xd0\xbd\xd0\xb8\xd0\xb8"}}}'
b'{"result":{"msg_id":"ign35m7pk5t74vbm","status":{"code":1288,"description":"\xd0\x9e\xd1\x82\xd0\xbf\xd1\x80\xd0\xb0\xd0\xb2\xd0\xba\xd0\xb0 \xd0\xb2 \xd0\xb4\xd0\xb0\xd0\xbd\xd0\xbd\xd1\x8b\xd0\xb9 \xd1\x80\xd0\xb5\xd0\xb3\xd0\xb8\xd0\xbe\xd0\xbd \xd0\xbd\xd0\xb5\xd0\xb4\xd0\xbe\xd1\x81\xd1\x82\xd1\x83\xd0\xbf\xd0\xbd\xd0\xb0 \xd0\xb4\xd0\xbb\xd1\x8f \xd0\xb4\xd0\xb0\xd0\xbd\xd0\xbd\xd0\xbe\xd0\xb9 \xd0\xba\xd0\xbe\xd0\xbc\xd0\xbf\xd0\xb0\xd0\xbd\xd0\xb8\xd0\xb8"}}}'
b'{"result":{"msg_id":"as3avn7bcklheqbr","status":{"code":1288,"description":"\xd0\x9e\xd1\x82\xd0\xbf\xd1\x80\xd0\xb0\xd0\xb2\xd0\xba\xd0\xb0 \xd0\xb2 \xd0\xb4\xd0\xb0\xd0\xbd\xd0\xbd\xd1\x8b\xd0\xb9 \xd1\x80\xd0\xb5\xd0\xb3\xd0\xb8\xd0\xbe\xd0\xbd \xd0\xbd\xd0\xb5\xd0\xb4\xd0\xbe\xd1\x81\xd1\x82\xd1\x83\xd0\xbf\xd0\xbd\xd0\xb0 \xd0\xb4\xd0\xbb\xd1\x8f \xd0\xb4\xd0\xb0\xd0\xbd\xd0\xbd\xd0\xbe\xd0\xb9 \xd0\xba\xd0\xbe\xd0\xbc\xd0\xbf\xd0\xb0\xd0\xbd\xd0\xb8\xd0\xb8"}}}'
b'{"result":{"msg_id":"tsk0f2m5mll577i1","status":{"code":1288,"description":"\xd0\x9e\xd1\x82\xd0\xbf\xd1\x80\xd0\xb0\xd0\xb2\xd0\xba\xd0\xb0 \xd0\xb2 \xd0\xb4\xd0\xb0\xd0\xbd\xd0\xbd\xd1\x8b\xd0\xb9 \xd1\x80\xd0\xb5\xd0\xb3\xd0\xb8\xd0\xbe\xd0\xbd \xd0\xbd\xd0\xb5\xd0\xb4\xd0\xbe\xd1\x81\xd1\x82\xd1\x83\xd0\xbf\xd0\xbd\xd0\xb0 \xd0\xb4\xd0\xbb\xd1\x8f \xd0\xb4\xd0\xb0\xd0\xbd\xd0\xbd\xd0\xbe\xd0\xb9 \xd0\xba\xd0\xbe\xd0\xbc\xd0\xbf\xd0\xb0\xd0\xbd\xd0\xb8\xd0\xb8"}}}'
b'{"result":{"msg_id":"41u731ua9h6g9ec9","status":{"code":1288,"description":"\xd0\x9e\xd1\x82\xd0\xbf\xd1\x80\xd0\xb0\xd0\xb2\xd0\xba\xd0\xb0 \xd0\xb2 \xd0\xb4\xd0\xb0\xd0\xbd\xd0\xbd\xd1\x8b\xd0\xb9 \xd1\x80\xd0\xb5\xd0\xb3\xd0\xb8\xd0\xbe\xd0\xbd \xd0\xbd\xd0\xb5\xd0\xb4\xd0\xbe\xd1\x81\xd1\x82\xd1\x83\xd0\xbf\xd0\xbd\xd0\xb0 \xd0\xb4\xd0\xbb\xd1\x8f \xd0\xb4\xd0\xb0\xd0\xbd\xd0\xbd\xd0\xbe\xd0\xb9 \xd0\xba\xd0\xbe\xd0\xbc\xd0\xbf\xd0\xb0\xd0\xbd\xd0\xb8\xd0\xb8"}}}'
b'{"result":{"msg_id":"bvbhuqdvnbv4akbp","status":{"code":1288,"description":"\xd0\x9e\xd1\x82\xd0\xbf\xd1\x80\xd0\xb0\xd0\xb2\xd0\xba\xd0\xb0 \xd0\xb2 \xd0\xb4\xd0\xb0\xd0\xbd\xd0\xbd\xd1\x8b\xd0\xb9 \xd1\x80\xd0\xb5\xd0\xb3\xd0\xb8\xd0\xbe\xd0\xbd \xd0\xbd\xd0\xb5\xd0\xb4\xd0\xbe\xd1\x81\xd1\x82\xd1\x83\xd0\xbf\xd0\xbd\xd0\xb0 \xd0\xb4\xd0\xbb\xd1\x8f \xd0\xb4\xd0\xb0\xd0\xbd\xd0\xbd\xd0\xbe\xd0\xb9 \xd0\xba\xd0\xbe\xd0\xbc\xd0\xbf\xd0\xb0\xd0\xbd\xd0\xb8\xd0\xb8"}}}'
b'{"result":{"msg_id":"750l1rrl2f53qc08","status":{"code":1288,"description":"\xd0\x9e\xd1\x82\xd0\xbf\xd1\x80\xd0\xb0\xd0\xb2\xd0\xba\xd0\xb0 \xd0\xb2 \xd0\xb4\xd0\xb0\xd0\xbd\xd0\xbd\xd1\x8b\xd0\xb9 \xd1\x80\xd0\xb5\xd0\xb3\xd0\xb8\xd0\xbe\xd0\xbd \xd0\xbd\xd0\xb5\xd0\xb4\xd0\xbe\xd1\x81\xd1\x82\xd1\x83\xd0\xbf\xd0\xbd\xd0\xb0 \xd0\xb4\xd0\xbb\xd1\x8f \xd0\xb4\xd0\xb0\xd0\xbd\xd0\xbd\xd0\xbe\xd0\xb9 \xd0\xba\xd0\xbe\xd0\xbc\xd0\xbf\xd0\xb0\xd0\xbd\xd0\xb8\xd0\xb8"}}}'
b'{"result":{"msg_id":"rlhmaohsrgom3399","status":{"code":1288,"description":"\xd0\x9e\xd1\x82\xd0\xbf\xd1\x80\xd0\xb0\xd0\xb2\xd0\xba\xd0\xb0 \xd0\xb2 \xd0\xb4\xd0\xb0\xd0\xbd\xd0\xbd\xd1\x8b\xd0\xb9 \xd1\x80\xd0\xb5\xd0\xb3\xd0\xb8\xd0\xbe\xd0\xbd \xd0\xbd\xd0\xb5\xd0\xb4\xd0\xbe\xd1\x81\xd1\x82\xd1\x83\xd0\xbf\xd0\xbd\xd0\xb0 \xd0\xb4\xd0\xbb\xd1\x8f \xd0\xb4\xd0\xb0\xd0\xbd\xd0\xbd\xd0\xbe\xd0\xb9 \xd0\xba\xd0\xbe\xd0\xbc\xd0\xbf\xd0\xb0\xd0\xbd\xd0\xb8\xd0\xb8"}}}'
b'{"result":{"msg_id":"g99eakobkniqeiiu","status":{"code":1288,"description":"\xd0\x9e\xd1\x82\xd0\xbf\xd1\x80\xd0\xb0\xd0\xb2\xd0\xba\xd0\xb0 \xd0\xb2 \xd0\xb4\xd0\xb0\xd0\xbd\xd0\xbd\xd1\x8b\xd0\xb9 \xd1\x80\xd0\xb5\xd0\xb3\xd0\xb8\xd0\xbe\xd0\xbd \xd0\xbd\xd0\xb5\xd0\xb4\xd0\xbe\xd1\x81\xd1\x82\xd1\x83\xd0\xbf\xd0\xbd\xd0\xb0 \xd0\xb4\xd0\xbb\xd1\x8f \xd0\xb4\xd0\xb0\xd0\xbd\xd0\xbd\xd0\xbe\xd0\xb9 \xd0\xba\xd0\xbe\xd0\xbc\xd0\xbf\xd0\xb0\xd0\xbd\xd0\xb8\xd0\xb8"}}}'
b'{"result":{"msg_id":"5o9f51mkovbuv22v","status":{"code":1288,"description":"\xd0\x9e\xd1\x82\xd0\xbf\xd1\x80\xd0\xb0\xd0\xb2\xd0\xba\xd0\xb0 \xd0\xb2 \xd0\xb4\xd0\xb0\xd0\xbd\xd0\xbd\xd1\x8b\xd0\xb9 \xd1\x80\xd0\xb5\xd0\xb3\xd0\xb8\xd0\xbe\xd0\xbd \xd0\xbd\xd0\xb5\xd0\xb4\xd0\xbe\xd1\x81\xd1\x82\xd1\x83\xd0\xbf\xd0\xbd\xd0\xb0 \xd0\xb4\xd0\xbb\xd1\x8f \xd0\xb4\xd0\xb0\xd0\xbd\xd0\xbd\xd0\xbe\xd0\xb9 \xd0\xba\xd0\xbe\xd0\xbc\xd0\xbf\xd0\xb0\xd0\xbd\xd0\xb8\xd0\xb8"}}}'
b'{"result":{"msg_id":"8hc0ifak42qmuhs4","status":{"code":1288,"description":"\xd0\x9e\xd1\x82\xd0\xbf\xd1\x80\xd0\xb0\xd0\xb2\xd0\xba\xd0\xb0 \xd0\xb2 \xd0\xb4\xd0\xb0\xd0\xbd\xd0\xbd\xd1\x8b\xd0\xb9 \xd1\x80\xd0\xb5\xd0\xb3\xd0\xb8\xd0\xbe\xd0\xbd \xd0\xbd\xd0\xb5\xd0\xb4\xd0\xbe\xd1\x81\xd1\x82\xd1\x83\xd0\xbf\xd0\xbd\xd0\xb0 \xd0\xb4\xd0\xbb\xd1\x8f \xd0\xb4\xd0\xb0\xd0\xbd\xd0\xbd\xd0\xbe\xd0\xb9 \xd0\xba\xd0\xbe\xd0\xbc\xd0\xbf\xd0\xb0\xd0\xbd\xd0\xb8\xd0\xb8"}}}'
b'{"result":{"msg_id":"nm34grfdki4vr566","status":{"code":1288,"description":"\xd0\x9e\xd1\x82\xd0\xbf\xd1\x80\xd0\xb0\xd0\xb2\xd0\xba\xd0\xb0 \xd0\xb2 \xd0\xb4\xd0\xb0\xd0\xbd\xd0\xbd\xd1\x8b\xd0\xb9 \xd1\x80\xd0\xb5\xd0\xb3\xd0\xb8\xd0\xbe\xd0\xbd \xd0\xbd\xd0\xb5\xd0\xb4\xd0\xbe\xd1\x81\xd1\x82\xd1\x83\xd0\xbf\xd0\xbd\xd0\xb0 \xd0\xb4\xd0\xbb\xd1\x8f \xd0\xb4\xd0\xb0\xd0\xbd\xd0\xbd\xd0\xbe\xd0\xb9 \xd0\xba\xd0\xbe\xd0\xbc\xd0\xbf\xd0\xb0\xd0\xbd\xd0\xb8\xd0\xb8"}}}'
b'{"result":{"msg_id":"9sa2lobd64rs4dln","status":{"code":1288,"description":"\xd0\x9e\xd1\x82\xd0\xbf\xd1\x80\xd0\xb0\xd0\xb2\xd0\xba\xd0\xb0 \xd0\xb2 \xd0\xb4\xd0\xb0\xd0\xbd\xd0\xbd\xd1\x8b\xd0\xb9 \xd1\x80\xd0\xb5\xd0\xb3\xd0\xb8\xd0\xbe\xd0\xbd \xd0\xbd\xd0\xb5\xd0\xb4\xd0\xbe\xd1\x81\xd1\x82\xd1\x83\xd0\xbf\xd0\xbd\xd0\xb0 \xd0\xb4\xd0\xbb\xd1\x8f \xd0\xb4\xd0\xb0\xd0\xbd\xd0\xbd\xd0\xbe\xd0\xb9 \xd0\xba\xd0\xbe\xd0\xbc\xd0\xbf\xd0\xb0\xd0\xbd\xd0\xb8\xd0\xb8"}}}'
<QueryDict: {'location': ['2']}>
<QueryDict: {'location': ['2']}>
<QueryDict: {}>
<QueryDict: {}>
<QueryDict: {}>
<QueryDict: {'location': ['4']}>
<QueryDict: {'location': ['4']}>
<QueryDict: {}>
<QueryDict: {'location': ['21']}>
<QueryDict: {'location': ['21']}>
<QueryDict: {'location': ['31']}>
<QueryDict: {'location': ['31']}>
<QueryDict: {}>
<QueryDict: {}>
<QueryDict: {'location': ['17']}>
<QueryDict: {'location': ['17']}>
<QueryDict: {'location': ['16']}>
<QueryDict: {'location': ['16']}>
<QueryDict: {'location': ['21']}>
<QueryDict: {'location': ['21']}>
<QueryDict: {}>
<QueryDict: {'location': ['31']}>
<QueryDict: {'location': ['31']}>
<QueryDict: {'location': ['31']}>
<QueryDict: {'location': ['31']}>
<QueryDict: {'location': ['17']}>
<QueryDict: {'location': ['17']}>
<QueryDict: {}>
<QueryDict: {'location': ['18']}><QueryDict: {'location': ['18']}>

<QueryDict: {'location': ['31']}>
<QueryDict: {'location': ['31']}>
<QueryDict: {}>
<QueryDict: {}>
<QueryDict: {}>
<QueryDict: {'location': ['17']}>
<QueryDict: {'location': ['17']}>
<QueryDict: {'location': ['44']}>
<QueryDict: {'location': ['44']}>
<QueryDict: {'location': ['44']}>
<QueryDict: {'location': ['44']}>
<QueryDict: {'location': ['44']}>
<QueryDict: {'location': ['44']}>
<QueryDict: {}>
<QueryDict: {}>
<QueryDict: {}>
<QueryDict: {'location': ['17']}>
<QueryDict: {'location': ['17']}>
<QueryDict: {'location': ['18']}>
<QueryDict: {'location': ['18']}>
<QueryDict: {'location': ['13']}>
<QueryDict: {'location': ['13']}>
<QueryDict: {'location': ['19']}>
<QueryDict: {'location': ['19']}>
<QueryDict: {}>
<QueryDict: {'location': ['44']}>
<QueryDict: {'location': ['44']}>
<QueryDict: {'location': ['31']}>
<QueryDict: {'location': ['31']}>
<QueryDict: {}>
<QueryDict: {}>
<QueryDict: {}>
<QueryDict: {'location': ['28']}>
<QueryDict: {'location': ['28']}>
b'{"result":{"msg_id":"s5lvo0gkas0fn85l","status":{"code":20101,"description":"\xd0\x9e\xd0\xb1\xd1\x8f\xd0\xb7\xd0\xb0\xd1\x82\xd0\xb5\xd0\xbb\xd1\x8c\xd0\xbd\xd0\xbe\xd0\xb5 \xd0\xbf\xd0\xbe\xd0\xbb\xd0\xb5 \xd0\xbe\xd1\x82\xd1\x81\xd1\x83\xd1\x82\xd1\x81\xd1\x82\xd0\xb2\xd1\x83\xd0\xb5\xd1\x82 \xd0\xb8\xd0\xbb\xd0\xb8 \xd0\xbf\xd0\xbe\xd0\xbb\xd0\xb5 \xd1\x81\xd0\xbe\xd0\xb4\xd0\xb5\xd1\x80\xd0\xb6\xd0\xb8\xd1\x82 \xd0\xb4\xd0\xb0\xd0\xbd\xd0\xbd\xd1\x8b\xd0\xb5 \xd0\xb2 \xd0\xbd\xd0\xb5\xd0\xb2\xd0\xb5\xd1\x80\xd0\xbd\xd0\xbe\xd0\xbc \xd1\x84\xd0\xbe\xd1\x80\xd0\xbc\xd0\xb0\xd1\x82\xd0\xb5.","payload":[{"code":"param_is_not_valid","description":"to"}]}}}'
b'{"result":{"msg_id":"v81ced07arsku7nr","status":{"code":20101,"description":"\xd0\x9e\xd0\xb1\xd1\x8f\xd0\xb7\xd0\xb0\xd1\x82\xd0\xb5\xd0\xbb\xd1\x8c\xd0\xbd\xd0\xbe\xd0\xb5 \xd0\xbf\xd0\xbe\xd0\xbb\xd0\xb5 \xd0\xbe\xd1\x82\xd1\x81\xd1\x83\xd1\x82\xd1\x81\xd1\x82\xd0\xb2\xd1\x83\xd0\xb5\xd1\x82 \xd0\xb8\xd0\xbb\xd0\xb8 \xd0\xbf\xd0\xbe\xd0\xbb\xd0\xb5 \xd1\x81\xd0\xbe\xd0\xb4\xd0\xb5\xd1\x80\xd0\xb6\xd0\xb8\xd1\x82 \xd0\xb4\xd0\xb0\xd0\xbd\xd0\xbd\xd1\x8b\xd0\xb5 \xd0\xb2 \xd0\xbd\xd0\xb5\xd0\xb2\xd0\xb5\xd1\x80\xd0\xbd\xd0\xbe\xd0\xbc \xd1\x84\xd0\xbe\xd1\x80\xd0\xbc\xd0\xb0\xd1\x82\xd0\xb5.","payload":[{"code":"param_is_not_valid","description":"to"}]}}}'
<QueryDict: {'location': ['18']}>
<QueryDict: {'location': ['18']}>
<QueryDict: {}>
<QueryDict: {}>
<QueryDict: {}>
<QueryDict: {}>
<QueryDict: {}>
<QueryDict: {}>
<QueryDict: {}>
<QueryDict: {'location': ['24']}><QueryDict: {'location': ['24']}>

<QueryDict: {}>
<QueryDict: {'location': ['13']}>
<QueryDict: {'location': ['13']}>
<QueryDict: {'location': ['13']}>
<QueryDict: {'location': ['13']}>
<QueryDict: {}>
<QueryDict: {}>
<QueryDict: {}>
<QueryDict: {}>
<QueryDict: {}>
<QueryDict: {}>
<QueryDict: {}>
<QueryDict: {'location': ['19']}>
<QueryDict: {'location': ['19']}>
<QueryDict: {}>
<QueryDict: {}>
b'{"result":{"msg_id":"p7mf7vfqmo4tlcgd","status":{"code":1288,"description":"\xd0\x9e\xd1\x82\xd0\xbf\xd1\x80\xd0\xb0\xd0\xb2\xd0\xba\xd0\xb0 \xd0\xb2 \xd0\xb4\xd0\xb0\xd0\xbd\xd0\xbd\xd1\x8b\xd0\xb9 \xd1\x80\xd0\xb5\xd0\xb3\xd0\xb8\xd0\xbe\xd0\xbd \xd0\xbd\xd0\xb5\xd0\xb4\xd0\xbe\xd1\x81\xd1\x82\xd1\x83\xd0\xbf\xd0\xbd\xd0\xb0 \xd0\xb4\xd0\xbb\xd1\x8f \xd0\xb4\xd0\xb0\xd0\xbd\xd0\xbd\xd0\xbe\xd0\xb9 \xd0\xba\xd0\xbe\xd0\xbc\xd0\xbf\xd0\xb0\xd0\xbd\xd0\xb8\xd0\xb8"}}}'
<QueryDict: {}>
<QueryDict: {}>
<QueryDict: {}>
<QueryDict: {}>
<QueryDict: {}>
<QueryDict: {'location': ['24']}>
<QueryDict: {'location': ['24']}>
<QueryDict: {'location': ['28']}><QueryDict: {'location': ['28']}>

<QueryDict: {}>
<QueryDict: {}>
<QueryDict: {}>
<QueryDict: {}>
<QueryDict: {}>
<QueryDict: {}>
<QueryDict: {}>
<QueryDict: {}>
<QueryDict: {}>
b'{"result":{"msg_id":"qlulvocuf3a4mqlb","status":{"code":0,"description":"ok"}}}'
<QueryDict: {}>
<QueryDict: {}>
b'{"result":{"msg_id":"binv779n1sia3qv8","status":{"code":1288,"description":"\xd0\x9e\xd1\x82\xd0\xbf\xd1\x80\xd0\xb0\xd0\xb2\xd0\xba\xd0\xb0 \xd0\xb2 \xd0\xb4\xd0\xb0\xd0\xbd\xd0\xbd\xd1\x8b\xd0\xb9 \xd1\x80\xd0\xb5\xd0\xb3\xd0\xb8\xd0\xbe\xd0\xbd \xd0\xbd\xd0\xb5\xd0\xb4\xd0\xbe\xd1\x81\xd1\x82\xd1\x83\xd0\xbf\xd0\xbd\xd0\xb0 \xd0\xb4\xd0\xbb\xd1\x8f \xd0\xb4\xd0\xb0\xd0\xbd\xd0\xbd\xd0\xbe\xd0\xb9 \xd0\xba\xd0\xbe\xd0\xbc\xd0\xbf\xd0\xb0\xd0\xbd\xd0\xb8\xd0\xb8"}}}'
b'{"result":{"msg_id":"84e73v8hgsnvq6t5","status":{"code":1288,"description":"\xd0\x9e\xd1\x82\xd0\xbf\xd1\x80\xd0\xb0\xd0\xb2\xd0\xba\xd0\xb0 \xd0\xb2 \xd0\xb4\xd0\xb0\xd0\xbd\xd0\xbd\xd1\x8b\xd0\xb9 \xd1\x80\xd0\xb5\xd0\xb3\xd0\xb8\xd0\xbe\xd0\xbd \xd0\xbd\xd0\xb5\xd0\xb4\xd0\xbe\xd1\x81\xd1\x82\xd1\x83\xd0\xbf\xd0\xbd\xd0\xb0 \xd0\xb4\xd0\xbb\xd1\x8f \xd0\xb4\xd0\xb0\xd0\xbd\xd0\xbd\xd0\xbe\xd0\xb9 \xd0\xba\xd0\xbe\xd0\xbc\xd0\xbf\xd0\xb0\xd0\xbd\xd0\xb8\xd0\xb8"}}}'
<QueryDict: {}>
<QueryDict: {}>
<QueryDict: {}>
<QueryDict: {}>
<QueryDict: {}>
<QueryDict: {'location': ['27']}>
<QueryDict: {'location': ['27']}>
<QueryDict: {'location': ['13']}>
<QueryDict: {'location': ['13']}>
<QueryDict: {'location': ['23']}>
<QueryDict: {'location': ['23']}>
<QueryDict: {'location': ['44']}>
<QueryDict: {'location': ['44']}>
<QueryDict: {'location': ['17']}>
<QueryDict: {'location': ['17']}>
<QueryDict: {'location': ['29']}>
<QueryDict: {'location': ['29']}>
<QueryDict: {'location': ['44']}><QueryDict: {'location': ['44']}>

<QueryDict: {'location': ['19']}>
<QueryDict: {'location': ['19']}>
<QueryDict: {'location': ['21']}>
<QueryDict: {'location': ['21']}>
<QueryDict: {'location': ['44']}><QueryDict: {'location': ['44']}>

<QueryDict: {'location': ['13']}>
<QueryDict: {'location': ['13']}>
<QueryDict: {'location': ['23']}><QueryDict: {'location': ['23']}>

<QueryDict: {'location': ['20']}><QueryDict: {'location': ['20']}>

<QueryDict: {'location': ['27']}>
<QueryDict: {'location': ['27']}>
<QueryDict: {'location': ['16']}><QueryDict: {'location': ['16']}>

<QueryDict: {'location': ['22']}>
<QueryDict: {'location': ['22']}>
<QueryDict: {'location': ['18']}>
<QueryDict: {'location': ['18']}>
<QueryDict: {'location': ['19']}>
<QueryDict: {'location': ['19']}>
<QueryDict: {'location': ['30']}><QueryDict: {'location': ['30']}>

<QueryDict: {'location': ['29']}><QueryDict: {'location': ['29']}>

b'{"result":{"msg_id":"55q7di1ndofs53s7","status":{"code":1288,"description":"\xd0\x9e\xd1\x82\xd0\xbf\xd1\x80\xd0\xb0\xd0\xb2\xd0\xba\xd0\xb0 \xd0\xb2 \xd0\xb4\xd0\xb0\xd0\xbd\xd0\xbd\xd1\x8b\xd0\xb9 \xd1\x80\xd0\xb5\xd0\xb3\xd0\xb8\xd0\xbe\xd0\xbd \xd0\xbd\xd0\xb5\xd0\xb4\xd0\xbe\xd1\x81\xd1\x82\xd1\x83\xd0\xbf\xd0\xbd\xd0\xb0 \xd0\xb4\xd0\xbb\xd1\x8f \xd0\xb4\xd0\xb0\xd0\xbd\xd0\xbd\xd0\xbe\xd0\xb9 \xd0\xba\xd0\xbe\xd0\xbc\xd0\xbf\xd0\xb0\xd0\xbd\xd0\xb8\xd0\xb8"}}}'
<QueryDict: {}>
<QueryDict: {}>
<QueryDict: {}>
<QueryDict: {}>
<QueryDict: {}>
<QueryDict: {}>
<QueryDict: {}>
<QueryDict: {}>
<QueryDict: {}>
<QueryDict: {'location': ['29']}><QueryDict: {'location': ['29']}>

<QueryDict: {}>
<QueryDict: {}>
<QueryDict: {}>
<QueryDict: {'location': ['14']}><QueryDict: {'location': ['14']}>

<QueryDict: {'location': ['21']}><QueryDict: {'location': ['21']}>

<QueryDict: {'location': ['24']}><QueryDict: {'location': ['24']}>

<QueryDict: {}>
<QueryDict: {'location': ['18']}>
<QueryDict: {'location': ['18']}>
<QueryDict: {'location': ['13']}>
<QueryDict: {'location': ['13']}>
<QueryDict: {'location': ['23']}><QueryDict: {'location': ['23']}>

<QueryDict: {'location': ['44']}>
<QueryDict: {'location': ['44']}>
<QueryDict: {'location': ['44']}>
<QueryDict: {'location': ['44']}>
<QueryDict: {'location': ['44']}>
<QueryDict: {'location': ['44']}>
<QueryDict: {'location': ['17']}>
<QueryDict: {'location': ['17']}>
<QueryDict: {'location': ['21']}><QueryDict: {'location': ['21']}>

<QueryDict: {'location': ['29']}>
<QueryDict: {'location': ['29']}>
<QueryDict: {'location': ['29']}><QueryDict: {'location': ['29']}>

<QueryDict: {'location': ['25']}>
<QueryDict: {'location': ['25']}>
<QueryDict: {'location': ['26']}>
<QueryDict: {'location': ['26']}>
<QueryDict: {'location': ['30']}>
<QueryDict: {'location': ['30']}>
<QueryDict: {'location': ['27']}>
<QueryDict: {'location': ['27']}>
<QueryDict: {'location': ['27']}><QueryDict: {'location': ['27']}>

<QueryDict: {'location': ['27']}><QueryDict: {'location': ['27']}>

<QueryDict: {'location': ['27']}><QueryDict: {'location': ['27']}>

<QueryDict: {'location': ['18']}>
<QueryDict: {'location': ['18']}>
<QueryDict: {'location': ['30']}>
<QueryDict: {'location': ['30']}>
<QueryDict: {'location': ['25']}>
<QueryDict: {'location': ['25']}>
<QueryDict: {'location': ['26']}>
<QueryDict: {'location': ['26']}>
<QueryDict: {'location': ['5']}>
<QueryDict: {'location': ['5']}>
<QueryDict: {'location': ['15']}>
<QueryDict: {'location': ['15']}>
<QueryDict: {'location': ['14']}>
<QueryDict: {'location': ['14']}>
<QueryDict: {}>
<QueryDict: {'location': ['5']}>
<QueryDict: {'location': ['5']}>
<QueryDict: {'location': ['5']}><QueryDict: {'location': ['5']}>

<QueryDict: {'location': ['5']}>
<QueryDict: {'location': ['5']}>
<QueryDict: {}>
<QueryDict: {}>
<QueryDict: {}>
<QueryDict: {}>
<QueryDict: {}>
<QueryDict: {'location': ['24']}>
<QueryDict: {'location': ['24']}>
<QueryDict: {}>
<QueryDict: {}>
<QueryDict: {}>
<QueryDict: {}>
<QueryDict: {}>
<QueryDict: {}>
<QueryDict: {}>
<QueryDict: {}>
<QueryDict: {'location': ['13']}>
<QueryDict: {'location': ['13']}>
<QueryDict: {}>
<QueryDict: {'location': ['18']}>
<QueryDict: {'location': ['18']}>
b'{"result":{"msg_id":"9l32hqjlj3n31iat","status":{"code":0,"description":"ok"}}}'
<QueryDict: {}>
<QueryDict: {}>
<QueryDict: {'location': ['44']}>
<QueryDict: {'location': ['44']}>
b'{"result":{"msg_id":"t6ha50mdttkqs8k8","status":{"code":0,"description":"ok"}}}'
<QueryDict: {}>
<QueryDict: {}>
<QueryDict: {'location': ['5']}><QueryDict: {'location': ['5']}>

<QueryDict: {'location': ['24']}>
<QueryDict: {'location': ['24']}>
<QueryDict: {'location': ['18']}>
<QueryDict: {'location': ['18']}>
<QueryDict: {'location': ['14']}>
<QueryDict: {'location': ['14']}>
<QueryDict: {'location': ['17']}>
<QueryDict: {'location': ['17']}>
<QueryDict: {'location': ['25']}><QueryDict: {'location': ['25']}>

<QueryDict: {'location': ['26']}>
<QueryDict: {'location': ['26']}>
<QueryDict: {}>
b'{"result":{"msg_id":"02m57vl3lnstkpmk","status":{"code":0,"description":"ok"}}}'
<QueryDict: {}>
<QueryDict: {}>
<QueryDict: {}>
<QueryDict: {'location': ['5']}><QueryDict: {'location': ['5']}>

b'{"result":{"msg_id":"kkr8s94768ti55d8","status":{"code":0,"description":"ok"}}}'
<QueryDict: {}>
<QueryDict: {}>
<QueryDict: {'location': ['5']}>
<QueryDict: {'location': ['5']}>
<QueryDict: {}>
<QueryDict: {}>
<QueryDict: {}>
<QueryDict: {}>
<QueryDict: {}>
b'{"result":{"msg_id":"dtfkfthu03t0doe7","status":{"code":0,"description":"ok"}}}'
<QueryDict: {'location': ['20']}>
<QueryDict: {'location': ['20']}>
<QueryDict: {'location': ['44']}><QueryDict: {'location': ['44']}>

b'{"result":{"msg_id":"ljhv9rnc7k9k6ucf","status":{"code":0,"description":"ok"}}}'
<QueryDict: {'location': ['22']}><QueryDict: {'location': ['22']}>

<QueryDict: {}>
<QueryDict: {}>
<QueryDict: {}>
<QueryDict: {}>
<QueryDict: {}>
<QueryDict: {}>
<QueryDict: {}>
<QueryDict: {}>
<QueryDict: {}>
<QueryDict: {'location': ['45']}><QueryDict: {'location': ['45']}>

<QueryDict: {'location': ['45']}><QueryDict: {'location': ['45']}>

<QueryDict: {'location': ['31']}>
<QueryDict: {'location': ['31']}>
<QueryDict: {'location': ['14']}>
<QueryDict: {'location': ['14']}>
<QueryDict: {'location': ['45']}><QueryDict: {'location': ['45']}>

<QueryDict: {}>
<QueryDict: {}>
<QueryDict: {}>
<QueryDict: {}>
<QueryDict: {}>
<QueryDict: {'location': ['19']}><QueryDict: {'location': ['19']}>

<QueryDict: {}>
<QueryDict: {'location': ['21']}>
<QueryDict: {'location': ['21']}>
<QueryDict: {}>
<QueryDict: {}>
<QueryDict: {}>
<QueryDict: {}>
b'{"result":{"msg_id":"ssrcn49jf96clct9","status":{"code":0,"description":"ok"}}}'
<QueryDict: {}>
<QueryDict: {}>
<QueryDict: {}>
<QueryDict: {}>
<QueryDict: {}>
<QueryDict: {}>
<QueryDict: {}>
<QueryDict: {'location': ['15']}>
<QueryDict: {'location': ['15']}>
<QueryDict: {'location': ['16']}>
<QueryDict: {'location': ['16']}>
<QueryDict: {'location': ['18']}><QueryDict: {'location': ['18']}>

<QueryDict: {}>
<QueryDict: {}>
<QueryDict: {'location': ['20']}><QueryDict: {'location': ['20']}>

<QueryDict: {'location': ['23']}>
<QueryDict: {'location': ['23']}>
b'{"result":{"msg_id":"n0njkhc5gh63t0dn","status":{"code":1288,"description":"\xd0\x9e\xd1\x82\xd0\xbf\xd1\x80\xd0\xb0\xd0\xb2\xd0\xba\xd0\xb0 \xd0\xb2 \xd0\xb4\xd0\xb0\xd0\xbd\xd0\xbd\xd1\x8b\xd0\xb9 \xd1\x80\xd0\xb5\xd0\xb3\xd0\xb8\xd0\xbe\xd0\xbd \xd0\xbd\xd0\xb5\xd0\xb4\xd0\xbe\xd1\x81\xd1\x82\xd1\x83\xd0\xbf\xd0\xbd\xd0\xb0 \xd0\xb4\xd0\xbb\xd1\x8f \xd0\xb4\xd0\xb0\xd0\xbd\xd0\xbd\xd0\xbe\xd0\xb9 \xd0\xba\xd0\xbe\xd0\xbc\xd0\xbf\xd0\xb0\xd0\xbd\xd0\xb8\xd0\xb8"}}}'
b'{"result":{"msg_id":"bpidvf4eoekin3bq","status":{"code":1288,"description":"\xd0\x9e\xd1\x82\xd0\xbf\xd1\x80\xd0\xb0\xd0\xb2\xd0\xba\xd0\xb0 \xd0\xb2 \xd0\xb4\xd0\xb0\xd0\xbd\xd0\xbd\xd1\x8b\xd0\xb9 \xd1\x80\xd0\xb5\xd0\xb3\xd0\xb8\xd0\xbe\xd0\xbd \xd0\xbd\xd0\xb5\xd0\xb4\xd0\xbe\xd1\x81\xd1\x82\xd1\x83\xd0\xbf\xd0\xbd\xd0\xb0 \xd0\xb4\xd0\xbb\xd1\x8f \xd0\xb4\xd0\xb0\xd0\xbd\xd0\xbd\xd0\xbe\xd0\xb9 \xd0\xba\xd0\xbe\xd0\xbc\xd0\xbf\xd0\xb0\xd0\xbd\xd0\xb8\xd0\xb8"}}}'
b'{"result":{"msg_id":"kcrrcj0vkpm3j19d","status":{"code":0,"description":"ok"}}}'
<QueryDict: {}>
<QueryDict: {}>
<QueryDict: {}>
<QueryDict: {}>
<QueryDict: {}>
<QueryDict: {}>
<QueryDict: {'location': ['14']}>
<QueryDict: {'location': ['14']}>
<QueryDict: {'location': ['25']}>
<QueryDict: {'location': ['25']}>
<QueryDict: {}>
<QueryDict: {}>
